Determining if the pthread_create exist failed with the following output:
Change Dir: /home/suijingfeng/LaserSeteroExtrinsicCalibrate/project/build/CMakeFiles/CMakeTmp

Run Build Command:"/usr/bin/make" "cmTC_dfe32/fast"
/usr/bin/make -f CMakeFiles/cmTC_dfe32.dir/build.make CMakeFiles/cmTC_dfe32.dir/build
make[1]: Entering directory '/home/suijingfeng/LaserSeteroExtrinsicCalibrate/project/build/CMakeFiles/CMakeTmp'
Building C object CMakeFiles/cmTC_dfe32.dir/CheckSymbolExists.c.o
/usr/bin/cc     -o CMakeFiles/cmTC_dfe32.dir/CheckSymbolExists.c.o   -c /home/suijingfeng/LaserSeteroExtrinsicCalibrate/project/build/CMakeFiles/CMakeTmp/CheckSymbolExists.c
Linking C executable cmTC_dfe32
/usr/bin/cmake -E cmake_link_script CMakeFiles/cmTC_dfe32.dir/link.txt --verbose=1
/usr/bin/cc       CMakeFiles/cmTC_dfe32.dir/CheckSymbolExists.c.o  -o cmTC_dfe32 -rdynamic 
CMakeFiles/cmTC_dfe32.dir/CheckSymbolExists.c.o: In function `main':
CheckSymbolExists.c:(.text+0x16): undefined reference to `pthread_create'
collect2: error: ld returned 1 exit status
CMakeFiles/cmTC_dfe32.dir/build.make:97: recipe for target 'cmTC_dfe32' failed
make[1]: *** [cmTC_dfe32] Error 1
make[1]: Leaving directory '/home/suijingfeng/LaserSeteroExtrinsicCalibrate/project/build/CMakeFiles/CMakeTmp'
Makefile:126: recipe for target 'cmTC_dfe32/fast' failed
make: *** [cmTC_dfe32/fast] Error 2

File /home/suijingfeng/LaserSeteroExtrinsicCalibrate/project/build/CMakeFiles/CMakeTmp/CheckSymbolExists.c:
/* */
#include <pthread.h>

int main(int argc, char** argv)
{
  (void)argv;
#ifndef pthread_create
  return ((int*)(&pthread_create))[argc];
#else
  (void)argc;
  return 0;
#endif
}

Determining if the function pthread_create exists in the pthreads failed with the following output:
Change Dir: /home/suijingfeng/LaserSeteroExtrinsicCalibrate/project/build/CMakeFiles/CMakeTmp

Run Build Command:"/usr/bin/make" "cmTC_52cdf/fast"
/usr/bin/make -f CMakeFiles/cmTC_52cdf.dir/build.make CMakeFiles/cmTC_52cdf.dir/build
make[1]: Entering directory '/home/suijingfeng/LaserSeteroExtrinsicCalibrate/project/build/CMakeFiles/CMakeTmp'
Building C object CMakeFiles/cmTC_52cdf.dir/CheckFunctionExists.c.o
/usr/bin/cc    -DCHECK_FUNCTION_EXISTS=pthread_create   -o CMakeFiles/cmTC_52cdf.dir/CheckFunctionExists.c.o   -c /usr/share/cmake-3.5/Modules/CheckFunctionExists.c
Linking C executable cmTC_52cdf
/usr/bin/cmake -E cmake_link_script CMakeFiles/cmTC_52cdf.dir/link.txt --verbose=1
/usr/bin/cc   -DCHECK_FUNCTION_EXISTS=pthread_create    CMakeFiles/cmTC_52cdf.dir/CheckFunctionExists.c.o  -o cmTC_52cdf -rdynamic -lpthreads 
/usr/bin/ld: cannot find -lpthreads
collect2: error: ld returned 1 exit status
CMakeFiles/cmTC_52cdf.dir/build.make:97: recipe for target 'cmTC_52cdf' failed
make[1]: *** [cmTC_52cdf] Error 1
make[1]: Leaving directory '/home/suijingfeng/LaserSeteroExtrinsicCalibrate/project/build/CMakeFiles/CMakeTmp'
Makefile:126: recipe for target 'cmTC_52cdf/fast' failed
make: *** [cmTC_52cdf/fast] Error 2


